\BOOKMARK [1][-]{section.1}{Considera\347\365es Iniciais}{}% 1
\BOOKMARK [2][-]{subsection.1.1}{Modalidade}{section.1}% 2
\BOOKMARK [2][-]{subsection.1.2}{Busca Espacial}{section.1}% 3
\BOOKMARK [2][-]{subsection.1.3}{Busca Linear}{section.1}% 4
\BOOKMARK [2][-]{subsection.1.4}{Crit\351rios de Parada}{section.1}% 5
\BOOKMARK [2][-]{subsection.1.5}{Interface}{section.1}% 6
\BOOKMARK [2][-]{subsection.1.6}{Resultados}{section.1}% 7
\BOOKMARK [1][-]{section.2}{M\351todo do Gradiente}{}% 8
\BOOKMARK [2][-]{subsection.2.1}{Descri\347\343o}{section.2}% 9
\BOOKMARK [2][-]{subsection.2.2}{Resultado}{section.2}% 10
\BOOKMARK [1][-]{section.3}{M\351todo do Gradiente Conjugado}{}% 11
\BOOKMARK [2][-]{subsection.3.1}{Descri\347\343o}{section.3}% 12
\BOOKMARK [2][-]{subsection.3.2}{Resultado}{section.3}% 13
\BOOKMARK [1][-]{section.4}{M\351todo de Newton}{}% 14
\BOOKMARK [2][-]{subsection.4.1}{Descri\347\343o}{section.4}% 15
\BOOKMARK [2][-]{subsection.4.2}{Resultado}{section.4}% 16
\BOOKMARK [1][-]{section.5}{M\351todo de Newton Modificado}{}% 17
\BOOKMARK [2][-]{subsection.5.1}{Descri\347\343o}{section.5}% 18
\BOOKMARK [2][-]{subsection.5.2}{Resultado}{section.5}% 19
\BOOKMARK [1][-]{section.6}{M\351todo de Quasi-Newton}{}% 20
\BOOKMARK [2][-]{subsection.6.1}{Descri\347\343o}{section.6}% 21
\BOOKMARK [2][-]{subsection.6.2}{Resultado}{section.6}% 22
\BOOKMARK [1][-]{section.7}{Resultados Complementares}{}% 23
\BOOKMARK [2][-]{subsection.7.1}{Outras fun\347\365es de duas vari\341veis}{section.7}% 24
\BOOKMARK [2][-]{subsection.7.2}{Fun\347\365es com mais de duas vari\341veis}{section.7}% 25
\BOOKMARK [1][-]{section.8}{Fluxogramas}{}% 26
